<?xml version="1.0"?>
<testsuites>
  <testsuite name="Chrome 37.0.2062 (Windows Vista)" package="" timestamp="2014-08-10T15:04:04" id="0" hostname="vietduc1441" tests="0" errors="1" failures="0" time="0">
    <properties>
      <property name="browser.fullName" value="Mozilla/5.0 (Windows NT 6.0) AppleWebKit/537.36 (KHTML, like Gecko) Chrome/37.0.2062.58 Safari/537.36"/>
    </properties>
    <system-out><![CDATA[Chrome 37.0.2062 (Windows Vista) ERROR
	Uncaught ReferenceError: angular is not defined
	at C:/Users/vietduc1441/Documents/My Dropbox/Public/VizEditor/VizEditor/widget/lib/lvl-drag-drop.js:1
,Chrome 37.0.2062 (Windows Vista) ERROR
	Uncaught ReferenceError: angular is not defined
	at C:/Users/vietduc1441/Documents/My Dropbox/Public/VizEditor/VizEditor/widget/lib/lvl-uuid.js:6

]]></system-out>
    <system-err/>
  </testsuite>
</testsuites>
